

Microchip Technology PIC18 LITE Macro Assembler V1.31 build 56723 
                                                                                               Sat Jul 30 18:52:58 2016

Microchip Technology Omniscient Code Generator (Lite mode) build 56723
     1                           	processor	18F4550
     2                           	fnconf	rparam,??,?,0
     3                           	opt	pw 120
     4                           	opt	lm
     5                           	psect	idataCOMRAM,global,class=CODE,delta=1
     6                           	psect	cinit,global,reloc=2,class=CODE,delta=1
     7                           	psect	bssCOMRAM,global,class=COMRAM,space=1,delta=1
     8                           	psect	dataCOMRAM,global,class=COMRAM,space=1,delta=1
     9                           	psect	cstackCOMRAM,global,class=COMRAM,space=1,delta=1
    10                           	psect	text0,global,reloc=2,class=CODE,delta=1
    11                           	psect	text1,global,reloc=2,class=CODE,delta=1
    12                           	psect	text2,global,reloc=2,class=CODE,delta=1
    13                           	psect	text3,global,reloc=2,class=CODE,delta=1
    14                           	psect	text4,global,reloc=2,class=CODE,delta=1
    15                           	psect	text5,global,reloc=2,class=CODE,delta=1
    16                           	psect	text6,global,reloc=2,class=CODE,delta=1
    17                           	psect	text7,global,reloc=2,class=CODE,delta=1
    18                           	psect	intcode,global,reloc=2,class=CODE,delta=1
    19                           	psect	intcode_body,global,reloc=2,class=CODE,delta=1
    20                           	psect	intsave_regs,global,class=BIGRAM,space=1,delta=1
    21                           	psect	rparam,global,class=COMRAM,space=1,delta=1
    22  0000                     
    23                           	psect	idataCOMRAM
    24  007C22                     __pidataCOMRAM:
    25                           	opt stack 0
    26                           
    27                           ;initializer for _R
    28  007C22  0FDF               	dw	4063
    29                           
    30                           ;initializer for _REG
    31  007C24  0F                 	db	15
    32                           
    33                           ;initializer for _REGad
    34  007C25  DF                 	db	223
    35  0000                     _ADRES	set	4035
    36  0000                     _ADCON0	set	4034
    37  0000                     _ADCON0bits	set	4034
    38  0000                     _ADCON1	set	4033
    39  0000                     _ADCON2	set	4032
    40  0000                     _ADCON2bits	set	4032
    41  0000                     _ADRESH	set	4036
    42  0000                     _BAUDCON	set	4024
    43  0000                     _BAUDCONbits	set	4024
    44  0000                     _CCP1CON	set	4029
    45  0000                     _CCP2CON	set	4026
    46  0000                     _CCPR1L	set	4030
    47  0000                     _CCPR2L	set	4027
    48  0000                     _EEADR	set	4009
    49  0000                     _EECON1	set	4006
    50  0000                     _EECON1bits	set	4006
    51  0000                     _EECON2	set	4007
    52  0000                     _EEDATA	set	4008
    53  0000                     _INTCON2bits	set	4081
    54  0000                     _INTCON3bits	set	4080
    55  0000                     _INTCONbits	set	4082
    56  0000                     _IPR1bits	set	3999
    57  0000                     _LATA	set	3977
    58  0000                     _LATB	set	3978
    59  0000                     _LATC	set	3979
    60  0000                     _OSCCON	set	4051
    61  0000                     _OSCCONbits	set	4051
    62  0000                     _PIE1bits	set	3997
    63  0000                     _PIE2bits	set	4000
    64  0000                     _PORTAbits	set	3968
    65  0000                     _PORTBbits	set	3969
    66  0000                     _PORTCbits	set	3970
    67  0000                     _PORTDbits	set	3971
    68  0000                     _PORTEbits	set	3972
    69  0000                     _PR2	set	4043
    70  0000                     _RCONbits	set	4048
    71  0000                     _RCSTA	set	4011
    72  0000                     _SPBRG	set	4015
    73  0000                     _SPBRGH	set	4016
    74  0000                     _T0CON	set	4053
    75  0000                     _T0CONbits	set	4053
    76  0000                     _T1CON	set	4045
    77  0000                     _T1CONbits	set	4045
    78  0000                     _T2CON	set	4042
    79  0000                     _T2CONbits	set	4042
    80  0000                     _T3CON	set	4017
    81  0000                     _T3CONbits	set	4017
    82  0000                     _TMR0H	set	4055
    83  0000                     _TMR0L	set	4054
    84  0000                     _TMR1H	set	4047
    85  0000                     _TMR1L	set	4046
    86  0000                     _TMR3H	set	4019
    87  0000                     _TMR3L	set	4018
    88  0000                     _TRISA	set	3986
    89  0000                     _TRISAbits	set	3986
    90  0000                     _TRISB	set	3987
    91  0000                     _TRISBbits	set	3987
    92  0000                     _TRISC	set	3988
    93  0000                     _TRISCbits	set	3988
    94  0000                     _TRISDbits	set	3989
    95  0000                     _TXREG	set	4013
    96  0000                     _TXSTA	set	4012
    97  0000                     _TXSTAbits	set	4012
    98  0000                     _WDTCONbits	set	4049
    99                           
   100                           ; #config settings
   101                           
   102                           	psect	cinit
   103  007C76                     __pcinit:
   104                           	opt stack 0
   105  007C76                     start_initialization:
   106                           	opt stack 0
   107  007C76                     __initialization:
   108                           	opt stack 0
   109                           
   110                           ; Clear objects allocated to COMRAM (1 bytes)
   111  007C76  6A22               	clrf	__pbssCOMRAM& (0+255),c
   112                           
   113                           ; Initialize objects allocated to COMRAM (4 bytes)
   114                           ; load TBLPTR registers with __pidataCOMRAM
   115  007C78  0E22               	movlw	low __pidataCOMRAM
   116  007C7A  6EF6               	movwf	tblptrl,c
   117  007C7C  0E7C               	movlw	high __pidataCOMRAM
   118  007C7E  6EF7               	movwf	tblptrh,c
   119  007C80  0E00               	movlw	low (__pidataCOMRAM shr (0+16))
   120  007C82  6EF8               	movwf	tblptru,c
   121  007C84  EE00  F01E         	lfsr	0,__pdataCOMRAM
   122  007C88  EE10 F004          	lfsr	1,4
   123  007C8C                     copy_data0:
   124  007C8C  0009               	tblrd		*+
   125  007C8E  CFF5 FFEE          	movff	tablat,postinc0
   126  007C92  50E5               	movf	postdec1,w,c
   127  007C94  50E1               	movf	fsr1l,w,c
   128  007C96  E1FA               	bnz	copy_data0
   129  007C98                     end_of_initialization:
   130                           	opt stack 0
   131  007C98                     __end_of__initialization:
   132                           	opt stack 0
   133  007C98  0E00               	movlw	low (__Lmediumconst shr (0+16))
   134  007C9A  6EF8               	movwf	tblptru,c
   135  007C9C  0100               	movlb	0
   136  007C9E  EF2A  F03E         	goto	_main	;jump to C main() function
   137                           tblptru	equ	0xFF8
   138                           tblptrh	equ	0xFF7
   139                           tblptrl	equ	0xFF6
   140                           tablat	equ	0xFF5
   141                           postinc0	equ	0xFEE
   142                           postdec1	equ	0xFE5
   143                           fsr1l	equ	0xFE1
   144                           
   145                           	psect	bssCOMRAM
   146  000022                     __pbssCOMRAM:
   147                           	opt stack 0
   148  000022                     _k:
   149                           	opt stack 0
   150  000022                     	ds	1
   151                           tblptru	equ	0xFF8
   152                           tblptrh	equ	0xFF7
   153                           tblptrl	equ	0xFF6
   154                           tablat	equ	0xFF5
   155                           postinc0	equ	0xFEE
   156                           postdec1	equ	0xFE5
   157                           fsr1l	equ	0xFE1
   158                           
   159                           	psect	dataCOMRAM
   160  00001E                     __pdataCOMRAM:
   161                           	opt stack 0
   162  00001E                     _R:
   163                           	opt stack 0
   164  00001E                     	ds	2
   165  000020                     _REG:
   166                           	opt stack 0
   167  000020                     	ds	1
   168  000021                     _REGad:
   169                           	opt stack 0
   170  000021                     	ds	1
   171                           tblptru	equ	0xFF8
   172                           tblptrh	equ	0xFF7
   173                           tblptrl	equ	0xFF6
   174                           tablat	equ	0xFF5
   175                           postinc0	equ	0xFEE
   176                           postdec1	equ	0xFE5
   177                           fsr1l	equ	0xFE1
   178                           
   179                           	psect	cstackCOMRAM
   180  000001                     __pcstackCOMRAM:
   181                           	opt stack 0
   182  000001                     ??_interrupcao:
   183  000001                     
   184                           ; 1 bytes @ 0x0
   185  000001                     	ds	14
   186  00000F                     ?___awmod:
   187                           	opt stack 0
   188  00000F                     le_eeprom@endereco:
   189                           	opt stack 0
   190  00000F                     Delay1KTCYx@unit:
   191                           	opt stack 0
   192  00000F                     inverte_saida@pino:
   193                           	opt stack 0
   194  00000F                     ___awmod@dividend:
   195                           	opt stack 0
   196                           
   197                           ; 2 bytes @ 0xE
   198  00000F                     	ds	1
   199  000010                     tempo_ms@i:
   200                           	opt stack 0
   201                           
   202                           ; 2 bytes @ 0xF
   203  000010                     	ds	1
   204  000011                     ??_inverte_saida:
   205  000011                     ___awmod@divisor:
   206                           	opt stack 0
   207                           
   208                           ; 2 bytes @ 0x10
   209  000011                     	ds	1
   210  000012                     tempo_ms@k:
   211                           	opt stack 0
   212                           
   213                           ; 2 bytes @ 0x11
   214  000012                     	ds	1
   215  000013                     ??___awmod:
   216                           
   217                           ; 0 bytes @ 0x12
   218  000013                     	ds	1
   219  000014                     ___awmod@counter:
   220                           	opt stack 0
   221                           
   222                           ; 1 bytes @ 0x13
   223  000014                     	ds	1
   224  000015                     ___awmod@sign:
   225                           	opt stack 0
   226                           
   227                           ; 1 bytes @ 0x14
   228  000015                     	ds	1
   229  000016                     ?___lwdiv:
   230                           	opt stack 0
   231  000016                     ___lwdiv@dividend:
   232                           	opt stack 0
   233                           
   234                           ; 2 bytes @ 0x15
   235  000016                     	ds	2
   236  000018                     ___lwdiv@divisor:
   237                           	opt stack 0
   238                           
   239                           ; 2 bytes @ 0x17
   240  000018                     	ds	2
   241  00001A                     ??___lwdiv:
   242                           
   243                           ; 0 bytes @ 0x19
   244  00001A                     	ds	1
   245  00001B                     ___lwdiv@quotient:
   246                           	opt stack 0
   247                           
   248                           ; 2 bytes @ 0x1A
   249  00001B                     	ds	2
   250  00001D                     ___lwdiv@counter:
   251                           	opt stack 0
   252                           
   253                           ; 1 bytes @ 0x1C
   254  00001D                     	ds	1
   255  00001E                     tblptru	equ	0xFF8
   256                           tblptrh	equ	0xFF7
   257                           tblptrl	equ	0xFF6
   258                           tablat	equ	0xFF5
   259                           postinc0	equ	0xFEE
   260                           postdec1	equ	0xFE5
   261                           fsr1l	equ	0xFE1
   262                           
   263                           ; 0 bytes @ 0x1D
   264 ;;
   265 ;;Main: autosize = 0, tempsize = 0, incstack = 0, save=0
   266 ;;
   267 ;; *************** function _main *****************
   268 ;; Defined at:
   269 ;;		line 8 in file "pisca.c"
   270 ;; Parameters:    Size  Location     Type
   271 ;;		None
   272 ;; Auto vars:     Size  Location     Type
   273 ;;		None
   274 ;; Return value:  Size  Location     Type
   275 ;;		None               void
   276 ;; Registers used:
   277 ;;		wreg, status,2, status,0, prodl, cstack
   278 ;; Tracked objects:
   279 ;;		On entry : 0/0
   280 ;;		On exit  : 0/0
   281 ;;		Unchanged: 0/0
   282 ;; Data sizes:     COMRAM   BANK0   BANK1   BANK2   BANK3   BANK4   BANK5   BANK6   BANK7
   283 ;;      Params:         0       0       0       0       0       0       0       0       0
   284 ;;      Locals:         0       0       0       0       0       0       0       0       0
   285 ;;      Temps:          0       0       0       0       0       0       0       0       0
   286 ;;      Totals:         0       0       0       0       0       0       0       0       0
   287 ;;Total ram usage:        0 bytes
   288 ;; Hardware stack levels required when called:    3
   289 ;; This function calls:
   290 ;;		_clock_int_4MHz
   291 ;;		_inverte_saida
   292 ;;		_tempo_ms
   293 ;; This function is called by:
   294 ;;		Startup code after reset
   295 ;; This function uses a non-reentrant model
   296 ;;
   297                           
   298                           	psect	text0
   299  007C54                     __ptext0:
   300                           	opt stack 0
   301  007C54                     _main:
   302                           	opt stack 28
   303                           
   304                           ;pisca.c: 9: clock_int_4MHz();
   305                           
   306                           ;incstack = 0
   307  007C54  ECCF  F03E         	call	_clock_int_4MHz	;wreg free
   308  007C58                     l1773:
   309                           
   310                           ;pisca.c: 12: if (!PORTEbits.RE3) {
   311  007C58  A684               	btfss	3972,3,c	;volatile
   312  007C5A  00FF               	reset		;# 
   313                           
   314                           ;pisca.c: 14: }
   315                           ;pisca.c: 16: inverte_saida(31759);
   316  007C5C  0E7C               	movlw	124
   317  007C5E  6E10               	movwf	inverte_saida@pino+1,c
   318  007C60  0E0F               	movlw	15
   319  007C62  6E0F               	movwf	inverte_saida@pino,c
   320  007C64  EC53  F03F         	call	_inverte_saida	;wreg free
   321                           
   322                           ;pisca.c: 17: tempo_ms(500);
   323  007C68  0E01               	movlw	1
   324  007C6A  6E11               	movwf	tempo_ms@i+1,c
   325  007C6C  0EF4               	movlw	244
   326  007C6E  6E10               	movwf	tempo_ms@i,c
   327  007C70  EC51  F03E         	call	_tempo_ms	;wreg free
   328  007C74  D7F1               	goto	l1773
   329  007C76                     __end_of_main:
   330                           	opt stack 0
   331                           tblptru	equ	0xFF8
   332                           tblptrh	equ	0xFF7
   333                           tblptrl	equ	0xFF6
   334                           tablat	equ	0xFF5
   335                           postinc0	equ	0xFEE
   336                           postdec1	equ	0xFE5
   337                           fsr1l	equ	0xFE1
   338                           
   339 ;; *************** function _tempo_ms *****************
   340 ;; Defined at:
   341 ;;		line 574 in file "SanUSB1X.h"
   342 ;; Parameters:    Size  Location     Type
   343 ;;  i               2   15[COMRAM] unsigned int 
   344 ;; Auto vars:     Size  Location     Type
   345 ;;  k               2   17[COMRAM] unsigned int 
   346 ;; Return value:  Size  Location     Type
   347 ;;		None               void
   348 ;; Registers used:
   349 ;;		wreg, status,2, status,0, cstack
   350 ;; Tracked objects:
   351 ;;		On entry : 0/0
   352 ;;		On exit  : 0/0
   353 ;;		Unchanged: 0/0
   354 ;; Data sizes:     COMRAM   BANK0   BANK1   BANK2   BANK3   BANK4   BANK5   BANK6   BANK7
   355 ;;      Params:         2       0       0       0       0       0       0       0       0
   356 ;;      Locals:         2       0       0       0       0       0       0       0       0
   357 ;;      Temps:          0       0       0       0       0       0       0       0       0
   358 ;;      Totals:         4       0       0       0       0       0       0       0       0
   359 ;;Total ram usage:        4 bytes
   360 ;; Hardware stack levels used:    1
   361 ;; Hardware stack levels required when called:    2
   362 ;; This function calls:
   363 ;;		_Delay1KTCYx
   364 ;; This function is called by:
   365 ;;		_main
   366 ;;		_le_AD8bits
   367 ;;		_le_AD10bits
   368 ;; This function uses a non-reentrant model
   369 ;;
   370                           
   371                           	psect	text1
   372  007CA2                     __ptext1:
   373                           	opt stack 0
   374  007CA2                     _tempo_ms:
   375                           	opt stack 28
   376                           
   377                           ;SanUSB1X.h: 575: unsigned int k;
   378                           ;SanUSB1X.h: 576: EEADR = REG + 0B11111100 + OSCCONbits.IRCF1;
   379                           
   380                           ;incstack = 0
   381  007CA2  AAD3               	btfss	4051,5,c	;volatile
   382  007CA4  D002               	goto	u110
   383  007CA6  0E01               	movlw	1
   384  007CA8  D001               	goto	u116
   385  007CAA                     u110:
   386  007CAA  0E00               	movlw	0
   387  007CAC                     u116:
   388  007CAC  2420               	addwf	_REG,w,c
   389  007CAE  0FFC               	addlw	252
   390  007CB0  6EA9               	movwf	4009,c	;volatile
   391                           
   392                           ;SanUSB1X.h: 577: EECON1 = REG + EEADR & 0B00001011;
   393  007CB2  5020               	movf	_REG,w,c
   394  007CB4  24A9               	addwf	4009,w,c	;volatile
   395  007CB6  0B0B               	andlw	11
   396  007CB8  6EA6               	movwf	4006,c	;volatile
   397  007CBA                     l313:
   398  007CBA  66A8               	tstfsz	4008,c	;volatile
   399  007CBC  D7FE               	goto	l313
   400                           
   401                           ;SanUSB1X.h: 579: for (k = 0; k < i; k++) {
   402  007CBE  0E00               	movlw	0
   403  007CC0  6E13               	movwf	tempo_ms@k+1,c
   404  007CC2  0E00               	movlw	0
   405  007CC4  6E12               	movwf	tempo_ms@k,c
   406  007CC6  D005               	goto	l1429
   407  007CC8                     l1425:
   408                           
   409                           ;SanUSB1X.h: 580: Delay1KTCYx(1);
   410  007CC8  0E01               	movlw	1
   411  007CCA  EC13  F03E         	call	_Delay1KTCYx
   412  007CCE  4A12               	infsnz	tempo_ms@k,f,c
   413  007CD0  2A13               	incf	tempo_ms@k+1,f,c
   414  007CD2                     l1429:
   415  007CD2  5010               	movf	tempo_ms@i,w,c
   416  007CD4  5C12               	subwf	tempo_ms@k,w,c
   417  007CD6  5011               	movf	tempo_ms@i+1,w,c
   418  007CD8  5813               	subwfb	tempo_ms@k+1,w,c
   419  007CDA  B0D8               	btfsc	status,0,c
   420  007CDC  0012               	return	
   421  007CDE  D7F4               	goto	l1425
   422  007CE0                     __end_of_tempo_ms:
   423                           	opt stack 0
   424                           tblptru	equ	0xFF8
   425                           tblptrh	equ	0xFF7
   426                           tblptrl	equ	0xFF6
   427                           tablat	equ	0xFF5
   428                           postinc0	equ	0xFEE
   429                           postdec1	equ	0xFE5
   430                           fsr1l	equ	0xFE1
   431                           status	equ	0xFD8
   432                           
   433 ;; *************** function _Delay1KTCYx *****************
   434 ;; Defined at:
   435 ;;		line 8 in file "C:\Program Files\Microchip\xc8\v1.31\sources\pic18\d1ktcyx.c"
   436 ;; Parameters:    Size  Location     Type
   437 ;;  unit            1    wreg     unsigned char 
   438 ;; Auto vars:     Size  Location     Type
   439 ;;  unit            1   14[COMRAM] unsigned char 
   440 ;; Return value:  Size  Location     Type
   441 ;;		None               void
   442 ;; Registers used:
   443 ;;		wreg
   444 ;; Tracked objects:
   445 ;;		On entry : 0/0
   446 ;;		On exit  : 0/0
   447 ;;		Unchanged: 0/0
   448 ;; Data sizes:     COMRAM   BANK0   BANK1   BANK2   BANK3   BANK4   BANK5   BANK6   BANK7
   449 ;;      Params:         0       0       0       0       0       0       0       0       0
   450 ;;      Locals:         1       0       0       0       0       0       0       0       0
   451 ;;      Temps:          0       0       0       0       0       0       0       0       0
   452 ;;      Totals:         1       0       0       0       0       0       0       0       0
   453 ;;Total ram usage:        1 bytes
   454 ;; Hardware stack levels used:    1
   455 ;; Hardware stack levels required when called:    1
   456 ;; This function calls:
   457 ;;		Nothing
   458 ;; This function is called by:
   459 ;;		_tempo_ms
   460 ;; This function uses a non-reentrant model
   461 ;;
   462                           
   463                           	psect	text2
   464  007C26                     __ptext2:
   465                           	opt stack 0
   466  007C26                     _Delay1KTCYx:
   467                           	opt stack 28
   468                           
   469                           ;incstack = 0
   470                           ;Delay1KTCYx@unit stored from wreg
   471  007C26  CFE8 F00F          	movff	wreg,Delay1KTCYx@unit
   472  007C2A                     l711:
   473  007C2A  0EFA               	movlw	250
   474  007C2C                     u677:
   475  007C2C  F000               	nop	
   476  007C2E  2EE8               	decfsz	wreg,f,c
   477  007C30  D7FD               	goto	u677
   478  007C32  2E0F               	decfsz	Delay1KTCYx@unit,f,c
   479  007C34  D7FA               	goto	l711
   480  007C36  0012               	return	
   481  007C38                     __end_of_Delay1KTCYx:
   482                           	opt stack 0
   483                           tblptru	equ	0xFF8
   484                           tblptrh	equ	0xFF7
   485                           tblptrl	equ	0xFF6
   486                           tablat	equ	0xFF5
   487                           postinc0	equ	0xFEE
   488                           wreg	equ	0xFE8
   489                           postdec1	equ	0xFE5
   490                           fsr1l	equ	0xFE1
   491                           status	equ	0xFD8
   492                           
   493 ;; *************** function _inverte_saida *****************
   494 ;; Defined at:
   495 ;;		line 411 in file "SanUSB1X.h"
   496 ;; Parameters:    Size  Location     Type
   497 ;;  pino            2   14[COMRAM] unsigned int 
   498 ;; Auto vars:     Size  Location     Type
   499 ;;		None
   500 ;; Return value:  Size  Location     Type
   501 ;;		None               void
   502 ;; Registers used:
   503 ;;		wreg, status,2, status,0
   504 ;; Tracked objects:
   505 ;;		On entry : 0/0
   506 ;;		On exit  : 0/0
   507 ;;		Unchanged: 0/0
   508 ;; Data sizes:     COMRAM   BANK0   BANK1   BANK2   BANK3   BANK4   BANK5   BANK6   BANK7
   509 ;;      Params:         2       0       0       0       0       0       0       0       0
   510 ;;      Locals:         0       0       0       0       0       0       0       0       0
   511 ;;      Temps:          2       0       0       0       0       0       0       0       0
   512 ;;      Totals:         4       0       0       0       0       0       0       0       0
   513 ;;Total ram usage:        4 bytes
   514 ;; Hardware stack levels used:    1
   515 ;; Hardware stack levels required when called:    1
   516 ;; This function calls:
   517 ;;		Nothing
   518 ;; This function is called by:
   519 ;;		_main
   520 ;; This function uses a non-reentrant model
   521 ;;
   522                           
   523                           	psect	text3
   524  007EA6                     __ptext3:
   525                           	opt stack 0
   526  007EA6                     _inverte_saida:
   527                           	opt stack 29
   528                           
   529                           ;SanUSB1X.h: 412: switch (pino) {
   530                           
   531                           ;incstack = 0
   532  007EA6  D051               	goto	l1415
   533  007EA8                     l252:
   534  007EA8  9092               	bcf	3986,0,c	;volatile
   535                           
   536                           ;SanUSB1X.h: 414: PORTAbits.RA0 = ~PORTAbits.RA0;
   537  007EAA  7080               	btg	3968,0,c	;volatile
   538                           
   539                           ;SanUSB1X.h: 415: break;
   540  007EAC  D0A8               	goto	l280
   541  007EAE                     l254:
   542  007EAE  9292               	bcf	3986,1,c	;volatile
   543                           
   544                           ;SanUSB1X.h: 417: PORTAbits.RA1 = ~PORTAbits.RA1;
   545  007EB0  7280               	btg	3968,1,c	;volatile
   546                           
   547                           ;SanUSB1X.h: 418: break;
   548  007EB2  D0A5               	goto	l280
   549  007EB4                     l255:
   550  007EB4  9492               	bcf	3986,2,c	;volatile
   551                           
   552                           ;SanUSB1X.h: 420: PORTAbits.RA2 = ~PORTAbits.RA2;
   553  007EB6  7480               	btg	3968,2,c	;volatile
   554                           
   555                           ;SanUSB1X.h: 421: break;
   556  007EB8  D0A2               	goto	l280
   557  007EBA                     l256:
   558  007EBA  9692               	bcf	3986,3,c	;volatile
   559                           
   560                           ;SanUSB1X.h: 423: PORTAbits.RA3 = ~PORTAbits.RA3;
   561  007EBC  7680               	btg	3968,3,c	;volatile
   562                           
   563                           ;SanUSB1X.h: 424: break;
   564  007EBE  D09F               	goto	l280
   565  007EC0                     l257:
   566  007EC0  9892               	bcf	3986,4,c	;volatile
   567                           
   568                           ;SanUSB1X.h: 426: PORTAbits.RA4 = ~PORTAbits.RA4;
   569  007EC2  7880               	btg	3968,4,c	;volatile
   570                           
   571                           ;SanUSB1X.h: 427: break;
   572  007EC4  D09C               	goto	l280
   573  007EC6                     l258:
   574  007EC6  9A92               	bcf	3986,5,c	;volatile
   575                           
   576                           ;SanUSB1X.h: 429: PORTAbits.RA5 = ~PORTAbits.RA5;
   577  007EC8  7A80               	btg	3968,5,c	;volatile
   578                           
   579                           ;SanUSB1X.h: 430: break;
   580  007ECA  D099               	goto	l280
   581  007ECC                     l259:
   582  007ECC  9093               	bcf	3987,0,c	;volatile
   583                           
   584                           ;SanUSB1X.h: 433: PORTBbits.RB0 = ~PORTBbits.RB0;
   585  007ECE  7081               	btg	3969,0,c	;volatile
   586                           
   587                           ;SanUSB1X.h: 434: break;
   588  007ED0  D096               	goto	l280
   589  007ED2                     l260:
   590  007ED2  9293               	bcf	3987,1,c	;volatile
   591                           
   592                           ;SanUSB1X.h: 436: PORTBbits.RB1 = ~PORTBbits.RB1;
   593  007ED4  7281               	btg	3969,1,c	;volatile
   594                           
   595                           ;SanUSB1X.h: 437: break;
   596  007ED6  D093               	goto	l280
   597  007ED8                     l261:
   598  007ED8  9493               	bcf	3987,2,c	;volatile
   599                           
   600                           ;SanUSB1X.h: 439: PORTBbits.RB2 = ~PORTBbits.RB2;
   601  007EDA  7481               	btg	3969,2,c	;volatile
   602                           
   603                           ;SanUSB1X.h: 440: break;
   604  007EDC  D090               	goto	l280
   605  007EDE                     l262:
   606  007EDE  9693               	bcf	3987,3,c	;volatile
   607                           
   608                           ;SanUSB1X.h: 442: PORTBbits.RB3 = ~PORTBbits.RB3;
   609  007EE0  7681               	btg	3969,3,c	;volatile
   610                           
   611                           ;SanUSB1X.h: 443: break;
   612  007EE2  D08D               	goto	l280
   613  007EE4                     l263:
   614  007EE4  9893               	bcf	3987,4,c	;volatile
   615                           
   616                           ;SanUSB1X.h: 445: PORTBbits.RB4 = ~PORTBbits.RB4;
   617  007EE6  7881               	btg	3969,4,c	;volatile
   618                           
   619                           ;SanUSB1X.h: 446: break;
   620  007EE8  D08A               	goto	l280
   621  007EEA                     l264:
   622  007EEA  9A93               	bcf	3987,5,c	;volatile
   623                           
   624                           ;SanUSB1X.h: 448: PORTBbits.RB5 = ~PORTBbits.RB5;
   625  007EEC  7A81               	btg	3969,5,c	;volatile
   626                           
   627                           ;SanUSB1X.h: 449: break;
   628  007EEE  D087               	goto	l280
   629  007EF0                     l265:
   630  007EF0  9C93               	bcf	3987,6,c	;volatile
   631                           
   632                           ;SanUSB1X.h: 451: PORTBbits.RB6 = ~PORTBbits.RB6;
   633  007EF2  7C81               	btg	3969,6,c	;volatile
   634                           
   635                           ;SanUSB1X.h: 452: break;
   636  007EF4  D084               	goto	l280
   637  007EF6                     l266:
   638  007EF6  9E93               	bcf	3987,7,c	;volatile
   639                           
   640                           ;SanUSB1X.h: 454: PORTBbits.RB7 = ~PORTBbits.RB7;
   641  007EF8  7E81               	btg	3969,7,c	;volatile
   642                           
   643                           ;SanUSB1X.h: 455: break;
   644  007EFA  D081               	goto	l280
   645  007EFC                     l267:
   646  007EFC  9094               	bcf	3988,0,c	;volatile
   647                           
   648                           ;SanUSB1X.h: 458: PORTCbits.RC0 = ~PORTCbits.RC0;
   649  007EFE  7082               	btg	3970,0,c	;volatile
   650                           
   651                           ;SanUSB1X.h: 459: break;
   652  007F00  D07E               	goto	l280
   653  007F02                     l268:
   654  007F02  9294               	bcf	3988,1,c	;volatile
   655                           
   656                           ;SanUSB1X.h: 461: PORTCbits.RC1 = ~PORTCbits.RC1;
   657  007F04  7282               	btg	3970,1,c	;volatile
   658                           
   659                           ;SanUSB1X.h: 462: break;
   660  007F06  D07B               	goto	l280
   661  007F08                     l269:
   662  007F08  9494               	bcf	3988,2,c	;volatile
   663                           
   664                           ;SanUSB1X.h: 464: PORTCbits.RC2 = ~PORTCbits.RC2;
   665  007F0A  7482               	btg	3970,2,c	;volatile
   666                           
   667                           ;SanUSB1X.h: 465: break;
   668  007F0C  D078               	goto	l280
   669  007F0E                     l270:
   670  007F0E  9C94               	bcf	3988,6,c	;volatile
   671                           
   672                           ;SanUSB1X.h: 467: PORTCbits.RC6 = ~PORTCbits.RC6;
   673  007F10  7C82               	btg	3970,6,c	;volatile
   674                           
   675                           ;SanUSB1X.h: 468: break;
   676  007F12  D075               	goto	l280
   677  007F14                     l271:
   678  007F14  9E94               	bcf	3988,7,c	;volatile
   679                           
   680                           ;SanUSB1X.h: 470: PORTCbits.RC7 = ~PORTCbits.RC7;
   681  007F16  7E82               	btg	3970,7,c	;volatile
   682                           
   683                           ;SanUSB1X.h: 471: break;
   684  007F18  D072               	goto	l280
   685  007F1A                     l272:
   686  007F1A  9095               	bcf	3989,0,c	;volatile
   687                           
   688                           ;SanUSB1X.h: 474: PORTDbits.RD0 = ~PORTDbits.RD0;
   689  007F1C  7083               	btg	3971,0,c	;volatile
   690                           
   691                           ;SanUSB1X.h: 475: break;
   692  007F1E  D06F               	goto	l280
   693  007F20                     l273:
   694  007F20  9295               	bcf	3989,1,c	;volatile
   695                           
   696                           ;SanUSB1X.h: 477: PORTDbits.RD1 = ~PORTDbits.RD1;
   697  007F22  7283               	btg	3971,1,c	;volatile
   698                           
   699                           ;SanUSB1X.h: 478: break;
   700  007F24  D06C               	goto	l280
   701  007F26                     l274:
   702  007F26  9495               	bcf	3989,2,c	;volatile
   703                           
   704                           ;SanUSB1X.h: 480: PORTDbits.RD2 = ~PORTDbits.RD2;
   705  007F28  7483               	btg	3971,2,c	;volatile
   706                           
   707                           ;SanUSB1X.h: 481: break;
   708  007F2A  D069               	goto	l280
   709  007F2C                     l275:
   710  007F2C  9695               	bcf	3989,3,c	;volatile
   711                           
   712                           ;SanUSB1X.h: 483: PORTDbits.RD3 = ~PORTDbits.RD3;
   713  007F2E  7683               	btg	3971,3,c	;volatile
   714                           
   715                           ;SanUSB1X.h: 484: break;
   716  007F30  D066               	goto	l280
   717  007F32                     l276:
   718  007F32  9895               	bcf	3989,4,c	;volatile
   719                           
   720                           ;SanUSB1X.h: 486: PORTDbits.RD4 = ~PORTDbits.RD4;
   721  007F34  7883               	btg	3971,4,c	;volatile
   722                           
   723                           ;SanUSB1X.h: 487: break;
   724  007F36  D063               	goto	l280
   725  007F38                     l277:
   726  007F38  9A95               	bcf	3989,5,c	;volatile
   727                           
   728                           ;SanUSB1X.h: 489: PORTDbits.RD5 = ~PORTDbits.RD5;
   729  007F3A  7A83               	btg	3971,5,c	;volatile
   730                           
   731                           ;SanUSB1X.h: 490: break;
   732  007F3C  D060               	goto	l280
   733  007F3E                     l278:
   734  007F3E  9C95               	bcf	3989,6,c	;volatile
   735                           
   736                           ;SanUSB1X.h: 492: PORTDbits.RD6 = ~PORTDbits.RD6;
   737  007F40  7C83               	btg	3971,6,c	;volatile
   738                           
   739                           ;SanUSB1X.h: 493: break;
   740  007F42  D05D               	goto	l280
   741  007F44                     l279:
   742  007F44  9E95               	bcf	3989,7,c	;volatile
   743                           
   744                           ;SanUSB1X.h: 495: PORTDbits.RD7 = ~PORTDbits.RD7;
   745  007F46  7E83               	btg	3971,7,c	;volatile
   746                           
   747                           ;SanUSB1X.h: 496: break;
   748  007F48  D05A               	goto	l280
   749  007F4A                     l1415:
   750  007F4A  C00F  F011         	movff	inverte_saida@pino,??_inverte_saida
   751  007F4E  C010  F012         	movff	inverte_saida@pino+1,??_inverte_saida+1
   752                           
   753                           ; Switch on 2 bytes has been partitioned into a top level switch of size 1, and 1 sub-sw
      +                          itches
   754                           ; Switch size 1, requested type "space"
   755                           ; Number of cases is 1, Range of values is 124 to 124
   756                           ; switch strategies available:
   757                           ; Name         Instructions Cycles
   758                           ; simple_byte            4     3 (average)
   759                           ;	Chosen strategy is simple_byte
   760  007F52  5012               	movf	??_inverte_saida+1,w,c
   761  007F54  0A7C               	xorlw	124	; case 124
   762  007F56  A4D8               	btfss	status,2,c
   763  007F58  D052               	goto	l280
   764                           
   765                           ; Switch size 1, requested type "space"
   766                           ; Number of cases is 27, Range of values is 0 to 31
   767                           ; switch strategies available:
   768                           ; Name         Instructions Cycles
   769                           ; simple_byte           82    42 (average)
   770                           ;	Chosen strategy is simple_byte
   771  007F5A  5011               	movf	??_inverte_saida,w,c
   772  007F5C  0A00               	xorlw	0	; case 0
   773  007F5E  B4D8               	btfsc	status,2,c
   774  007F60  D7A3               	goto	l252
   775  007F62  0A01               	xorlw	1	; case 1
   776  007F64  B4D8               	btfsc	status,2,c
   777  007F66  D7A3               	goto	l254
   778  007F68  0A03               	xorlw	3	; case 2
   779  007F6A  B4D8               	btfsc	status,2,c
   780  007F6C  D7A3               	goto	l255
   781  007F6E  0A01               	xorlw	1	; case 3
   782  007F70  B4D8               	btfsc	status,2,c
   783  007F72  D7A3               	goto	l256
   784  007F74  0A07               	xorlw	7	; case 4
   785  007F76  B4D8               	btfsc	status,2,c
   786  007F78  D7A3               	goto	l257
   787  007F7A  0A01               	xorlw	1	; case 5
   788  007F7C  B4D8               	btfsc	status,2,c
   789  007F7E  D7A3               	goto	l258
   790  007F80  0A0D               	xorlw	13	; case 8
   791  007F82  B4D8               	btfsc	status,2,c
   792  007F84  D7A3               	goto	l259
   793  007F86  0A01               	xorlw	1	; case 9
   794  007F88  B4D8               	btfsc	status,2,c
   795  007F8A  D7A3               	goto	l260
   796  007F8C  0A03               	xorlw	3	; case 10
   797  007F8E  B4D8               	btfsc	status,2,c
   798  007F90  D7A3               	goto	l261
   799  007F92  0A01               	xorlw	1	; case 11
   800  007F94  B4D8               	btfsc	status,2,c
   801  007F96  D7A3               	goto	l262
   802  007F98  0A07               	xorlw	7	; case 12
   803  007F9A  B4D8               	btfsc	status,2,c
   804  007F9C  D7A3               	goto	l263
   805  007F9E  0A01               	xorlw	1	; case 13
   806  007FA0  B4D8               	btfsc	status,2,c
   807  007FA2  D7A3               	goto	l264
   808  007FA4  0A03               	xorlw	3	; case 14
   809  007FA6  B4D8               	btfsc	status,2,c
   810  007FA8  D7A3               	goto	l265
   811  007FAA  0A01               	xorlw	1	; case 15
   812  007FAC  B4D8               	btfsc	status,2,c
   813  007FAE  D7A3               	goto	l266
   814  007FB0  0A1F               	xorlw	31	; case 16
   815  007FB2  B4D8               	btfsc	status,2,c
   816  007FB4  D7A3               	goto	l267
   817  007FB6  0A01               	xorlw	1	; case 17
   818  007FB8  B4D8               	btfsc	status,2,c
   819  007FBA  D7A3               	goto	l268
   820  007FBC  0A03               	xorlw	3	; case 18
   821  007FBE  B4D8               	btfsc	status,2,c
   822  007FC0  D7A3               	goto	l269
   823  007FC2  0A04               	xorlw	4	; case 22
   824  007FC4  B4D8               	btfsc	status,2,c
   825  007FC6  D7A3               	goto	l270
   826  007FC8  0A01               	xorlw	1	; case 23
   827  007FCA  B4D8               	btfsc	status,2,c
   828  007FCC  D7A3               	goto	l271
   829  007FCE  0A0F               	xorlw	15	; case 24
   830  007FD0  B4D8               	btfsc	status,2,c
   831  007FD2  D7A3               	goto	l272
   832  007FD4  0A01               	xorlw	1	; case 25
   833  007FD6  B4D8               	btfsc	status,2,c
   834  007FD8  D7A3               	goto	l273
   835  007FDA  0A03               	xorlw	3	; case 26
   836  007FDC  B4D8               	btfsc	status,2,c
   837  007FDE  D7A3               	goto	l274
   838  007FE0  0A01               	xorlw	1	; case 27
   839  007FE2  B4D8               	btfsc	status,2,c
   840  007FE4  D7A3               	goto	l275
   841  007FE6  0A07               	xorlw	7	; case 28
   842  007FE8  B4D8               	btfsc	status,2,c
   843  007FEA  D7A3               	goto	l276
   844  007FEC  0A01               	xorlw	1	; case 29
   845  007FEE  B4D8               	btfsc	status,2,c
   846  007FF0  D7A3               	goto	l277
   847  007FF2  0A03               	xorlw	3	; case 30
   848  007FF4  B4D8               	btfsc	status,2,c
   849  007FF6  D7A3               	goto	l278
   850  007FF8  0A01               	xorlw	1	; case 31
   851  007FFA  B4D8               	btfsc	status,2,c
   852  007FFC  D7A3               	goto	l279
   853  007FFE                     l280:
   854  007FFE  0012               	return	
   855  008000                     __end_of_inverte_saida:
   856                           	opt stack 0
   857                           tblptru	equ	0xFF8
   858                           tblptrh	equ	0xFF7
   859                           tblptrl	equ	0xFF6
   860                           tablat	equ	0xFF5
   861                           postinc0	equ	0xFEE
   862                           wreg	equ	0xFE8
   863                           postdec1	equ	0xFE5
   864                           fsr1l	equ	0xFE1
   865                           status	equ	0xFD8
   866                           
   867 ;; *************** function _clock_int_4MHz *****************
   868 ;; Defined at:
   869 ;;		line 752 in file "SanUSB1X.h"
   870 ;; Parameters:    Size  Location     Type
   871 ;;		None
   872 ;; Auto vars:     Size  Location     Type
   873 ;;		None
   874 ;; Return value:  Size  Location     Type
   875 ;;		None               void
   876 ;; Registers used:
   877 ;;		wreg, status,2, status,0, prodl, cstack
   878 ;; Tracked objects:
   879 ;;		On entry : 0/0
   880 ;;		On exit  : 0/0
   881 ;;		Unchanged: 0/0
   882 ;; Data sizes:     COMRAM   BANK0   BANK1   BANK2   BANK3   BANK4   BANK5   BANK6   BANK7
   883 ;;      Params:         0       0       0       0       0       0       0       0       0
   884 ;;      Locals:         0       0       0       0       0       0       0       0       0
   885 ;;      Temps:          0       0       0       0       0       0       0       0       0
   886 ;;      Totals:         0       0       0       0       0       0       0       0       0
   887 ;;Total ram usage:        0 bytes
   888 ;; Hardware stack levels used:    1
   889 ;; Hardware stack levels required when called:    2
   890 ;; This function calls:
   891 ;;		___awmod
   892 ;;		___lwdiv
   893 ;;		_le_eeprom
   894 ;; This function is called by:
   895 ;;		_main
   896 ;; This function uses a non-reentrant model
   897 ;;
   898                           
   899                           	psect	text4
   900  007D9E                     __ptext4:
   901                           	opt stack 0
   902  007D9E                     _clock_int_4MHz:
   903                           	opt stack 28
   904                           
   905                           ;incstack = 0
   906  007D9E  0EFD               	movlw	253	;# 
   907  007DA0  6EA9               	movwf	4009,c	;# 
   908  007DA2  9EA6               	bcf	4006,7,c	;# 
   909  007DA4  9CA6               	bcf	4006,6,c	;# 
   910  007DA6  80A6               	bsf	4006,0,c	;# 
   911  007DA8                     BLEIBEN:
   912                           
   913                           ;# 
   914  007DA8  B0A8               	btfsc	4008,0,c	;# 
   915  007DAA  EFD4  F03E         	goto	BLEIBEN	;# 
   916                           
   917                           ;SanUSB1X.h: 763: OSCCON = 0B01100110;
   918  007DAE  0E66               	movlw	102
   919  007DB0  6ED3               	movwf	4051,c	;volatile
   920  007DB2                     l420:
   921  007DB2  A4D3               	btfss	4051,2,c	;volatile
   922  007DB4  D7FE               	goto	l420
   923                           
   924                           ;SanUSB1X.h: 766: EEADR = 0B11111101;
   925  007DB6  0EFD               	movlw	253
   926  007DB8  6EA9               	movwf	4009,c	;volatile
   927                           
   928                           ;SanUSB1X.h: 767: EECON1 = EEADR & 0B00001011;
   929  007DBA  50A9               	movf	4009,w,c	;volatile
   930  007DBC  0B0B               	andlw	11
   931  007DBE  6EA6               	movwf	4006,c	;volatile
   932  007DC0                     l423:
   933  007DC0  66A8               	tstfsz	4008,c	;volatile
   934  007DC2  D7FE               	goto	l423
   935                           
   936                           ;SanUSB1X.h: 769: REGad = R / ((EEADR % 126) << 4);
   937  007DC4  C01E  F016         	movff	_R,___lwdiv@dividend
   938  007DC8  C01F  F017         	movff	_R+1,___lwdiv@dividend+1
   939  007DCC  0E00               	movlw	0
   940  007DCE  6E12               	movwf	___awmod@divisor+1,c
   941  007DD0  0E7E               	movlw	126
   942  007DD2  6E11               	movwf	___awmod@divisor,c
   943  007DD4  CFA9 F00F          	movff	4009,___awmod@dividend	;volatile
   944  007DD8  6A10               	clrf	___awmod@dividend+1,c
   945  007DDA  EC05  F03F         	call	___awmod	;wreg free
   946  007DDE  3A0F               	swapf	?___awmod,f,c
   947  007DE0  3A10               	swapf	?___awmod+1,f,c
   948  007DE2  0EF0               	movlw	240
   949  007DE4  1610               	andwf	?___awmod+1,f,c
   950  007DE6  500F               	movf	?___awmod,w,c
   951  007DE8  0B0F               	andlw	15
   952  007DEA  1210               	iorwf	?___awmod+1,f,c
   953  007DEC  0EF0               	movlw	240
   954  007DEE  160F               	andwf	?___awmod,f,c
   955  007DF0  C00F  F018         	movff	?___awmod,___lwdiv@divisor
   956  007DF4  C010  F019         	movff	?___awmod+1,___lwdiv@divisor+1
   957  007DF8  EC70  F03E         	call	___lwdiv	;wreg free
   958  007DFC  5016               	movf	?___lwdiv,w,c
   959  007DFE  6E21               	movwf	_REGad,c
   960                           
   961                           ;SanUSB1X.h: 770: REG = le_eeprom(REGad);
   962  007E00  5021               	movf	_REGad,w,c
   963  007E02  EC1C  F03E         	call	_le_eeprom
   964  007E06  6E20               	movwf	_REG,c
   965  007E08  0012               	return	
   966  007E0A                     __end_of_clock_int_4MHz:
   967                           	opt stack 0
   968                           tblptru	equ	0xFF8
   969                           tblptrh	equ	0xFF7
   970                           tblptrl	equ	0xFF6
   971                           tablat	equ	0xFF5
   972                           postinc0	equ	0xFEE
   973                           wreg	equ	0xFE8
   974                           postdec1	equ	0xFE5
   975                           fsr1l	equ	0xFE1
   976                           status	equ	0xFD8
   977                           
   978 ;; *************** function _le_eeprom *****************
   979 ;; Defined at:
   980 ;;		line 743 in file "SanUSB1X.h"
   981 ;; Parameters:    Size  Location     Type
   982 ;;  endereco        1    wreg     unsigned char 
   983 ;; Auto vars:     Size  Location     Type
   984 ;;  endereco        1   14[COMRAM] unsigned char 
   985 ;; Return value:  Size  Location     Type
   986 ;;                  1    wreg      unsigned char 
   987 ;; Registers used:
   988 ;;		wreg, status,2
   989 ;; Tracked objects:
   990 ;;		On entry : 0/0
   991 ;;		On exit  : 0/0
   992 ;;		Unchanged: 0/0
   993 ;; Data sizes:     COMRAM   BANK0   BANK1   BANK2   BANK3   BANK4   BANK5   BANK6   BANK7
   994 ;;      Params:         0       0       0       0       0       0       0       0       0
   995 ;;      Locals:         1       0       0       0       0       0       0       0       0
   996 ;;      Temps:          0       0       0       0       0       0       0       0       0
   997 ;;      Totals:         1       0       0       0       0       0       0       0       0
   998 ;;Total ram usage:        1 bytes
   999 ;; Hardware stack levels used:    1
  1000 ;; Hardware stack levels required when called:    1
  1001 ;; This function calls:
  1002 ;;		Nothing
  1003 ;; This function is called by:
  1004 ;;		_clock_int_4MHz
  1005 ;; This function uses a non-reentrant model
  1006 ;;
  1007                           
  1008                           	psect	text5
  1009  007C38                     __ptext5:
  1010                           	opt stack 0
  1011  007C38                     _le_eeprom:
  1012                           	opt stack 28
  1013                           
  1014                           ;incstack = 0
  1015                           ;le_eeprom@endereco stored from wreg
  1016  007C38  CFE8 F00F          	movff	wreg,le_eeprom@endereco
  1017                           
  1018                           ;SanUSB1X.h: 744: EEADR = endereco;
  1019  007C3C  C00F  FFA9         	movff	le_eeprom@endereco,4009	;volatile
  1020                           
  1021                           ;SanUSB1X.h: 745: EECON1bits.WREN = 0;
  1022  007C40  94A6               	bcf	4006,2,c	;volatile
  1023                           
  1024                           ;SanUSB1X.h: 746: EECON1bits.EEPGD = 0;
  1025  007C42  9EA6               	bcf	4006,7,c	;volatile
  1026                           
  1027                           ;SanUSB1X.h: 747: EECON1bits.CFGS = 0;
  1028  007C44  9CA6               	bcf	4006,6,c	;volatile
  1029                           
  1030                           ;SanUSB1X.h: 748: EECON1bits.RD = OSCCONbits.IRCF1;
  1031  007C46  AAD3               	btfss	4051,5,c	;volatile
  1032  007C48  D002               	bra	u15
  1033  007C4A  80A6               	bsf	4006,0,c	;volatile
  1034  007C4C  D001               	bra	u17
  1035  007C4E                     u15:
  1036  007C4E  90A6               	bcf	4006,0,c	;volatile
  1037  007C50                     u17:
  1038                           
  1039                           ;SanUSB1X.h: 749: return EEDATA;
  1040  007C50  50A8               	movf	4008,w,c	;volatile
  1041  007C52  0012               	return	
  1042  007C54                     __end_of_le_eeprom:
  1043                           	opt stack 0
  1044                           tblptru	equ	0xFF8
  1045                           tblptrh	equ	0xFF7
  1046                           tblptrl	equ	0xFF6
  1047                           tablat	equ	0xFF5
  1048                           postinc0	equ	0xFEE
  1049                           wreg	equ	0xFE8
  1050                           postdec1	equ	0xFE5
  1051                           fsr1l	equ	0xFE1
  1052                           status	equ	0xFD8
  1053                           
  1054 ;; *************** function ___lwdiv *****************
  1055 ;; Defined at:
  1056 ;;		line 8 in file "C:\Program Files\Microchip\xc8\v1.31\sources\common\lwdiv.c"
  1057 ;; Parameters:    Size  Location     Type
  1058 ;;  dividend        2   21[COMRAM] unsigned int 
  1059 ;;  divisor         2   23[COMRAM] unsigned int 
  1060 ;; Auto vars:     Size  Location     Type
  1061 ;;  quotient        2   26[COMRAM] unsigned int 
  1062 ;;  counter         1   28[COMRAM] unsigned char 
  1063 ;; Return value:  Size  Location     Type
  1064 ;;                  2   21[COMRAM] unsigned int 
  1065 ;; Registers used:
  1066 ;;		wreg, status,2, status,0
  1067 ;; Tracked objects:
  1068 ;;		On entry : 0/0
  1069 ;;		On exit  : 0/0
  1070 ;;		Unchanged: 0/0
  1071 ;; Data sizes:     COMRAM   BANK0   BANK1   BANK2   BANK3   BANK4   BANK5   BANK6   BANK7
  1072 ;;      Params:         4       0       0       0       0       0       0       0       0
  1073 ;;      Locals:         3       0       0       0       0       0       0       0       0
  1074 ;;      Temps:          1       0       0       0       0       0       0       0       0
  1075 ;;      Totals:         8       0       0       0       0       0       0       0       0
  1076 ;;Total ram usage:        8 bytes
  1077 ;; Hardware stack levels used:    1
  1078 ;; Hardware stack levels required when called:    1
  1079 ;; This function calls:
  1080 ;;		Nothing
  1081 ;; This function is called by:
  1082 ;;		_clock_int_4MHz
  1083 ;;		_sendnum
  1084 ;; This function uses a non-reentrant model
  1085 ;;
  1086                           
  1087                           	psect	text6
  1088  007CE0                     __ptext6:
  1089                           	opt stack 0
  1090  007CE0                     ___lwdiv:
  1091                           	opt stack 28
  1092                           
  1093                           ;incstack = 0
  1094  007CE0  0E00               	movlw	0
  1095  007CE2  6E1C               	movwf	___lwdiv@quotient+1,c
  1096  007CE4  0E00               	movlw	0
  1097  007CE6  6E1B               	movwf	___lwdiv@quotient,c
  1098  007CE8  5019               	movf	___lwdiv@divisor+1,w,c
  1099  007CEA  1018               	iorwf	___lwdiv@divisor,w,c
  1100  007CEC  B4D8               	btfsc	status,2,c
  1101  007CEE  D01E               	goto	l1013
  1102  007CF0  6E1A               	movwf	??___lwdiv& (0+255),c
  1103  007CF2  0E01               	movlw	1
  1104  007CF4  6E1D               	movwf	___lwdiv@counter,c
  1105  007CF6  501A               	movf	??___lwdiv& (0+255),w,c
  1106  007CF8  D004               	goto	l1397
  1107  007CFA                     l1395:
  1108  007CFA  90D8               	bcf	status,0,c
  1109  007CFC  3618               	rlcf	___lwdiv@divisor,f,c
  1110  007CFE  3619               	rlcf	___lwdiv@divisor+1,f,c
  1111  007D00  2A1D               	incf	___lwdiv@counter,f,c
  1112  007D02                     l1397:
  1113  007D02  AE19               	btfss	___lwdiv@divisor+1,7,c
  1114  007D04  D7FA               	goto	l1395
  1115  007D06                     l1399:
  1116  007D06  90D8               	bcf	status,0,c
  1117  007D08  361B               	rlcf	___lwdiv@quotient,f,c
  1118  007D0A  361C               	rlcf	___lwdiv@quotient+1,f,c
  1119  007D0C  5018               	movf	___lwdiv@divisor,w,c
  1120  007D0E  5C16               	subwf	___lwdiv@dividend,w,c
  1121  007D10  5019               	movf	___lwdiv@divisor+1,w,c
  1122  007D12  5817               	subwfb	___lwdiv@dividend+1,w,c
  1123  007D14  A0D8               	btfss	status,0,c
  1124  007D16  D005               	goto	l1407
  1125  007D18  5018               	movf	___lwdiv@divisor,w,c
  1126  007D1A  5E16               	subwf	___lwdiv@dividend,f,c
  1127  007D1C  5019               	movf	___lwdiv@divisor+1,w,c
  1128  007D1E  5A17               	subwfb	___lwdiv@dividend+1,f,c
  1129  007D20  801B               	bsf	___lwdiv@quotient,0,c
  1130  007D22                     l1407:
  1131  007D22  90D8               	bcf	status,0,c
  1132  007D24  3219               	rrcf	___lwdiv@divisor+1,f,c
  1133  007D26  3218               	rrcf	___lwdiv@divisor,f,c
  1134  007D28  2E1D               	decfsz	___lwdiv@counter,f,c
  1135  007D2A  D7ED               	goto	l1399
  1136  007D2C                     l1013:
  1137  007D2C  C01B  F016         	movff	___lwdiv@quotient,?___lwdiv
  1138  007D30  C01C  F017         	movff	___lwdiv@quotient+1,?___lwdiv+1
  1139  007D34  0012               	return	
  1140  007D36                     __end_of___lwdiv:
  1141                           	opt stack 0
  1142                           tblptru	equ	0xFF8
  1143                           tblptrh	equ	0xFF7
  1144                           tblptrl	equ	0xFF6
  1145                           tablat	equ	0xFF5
  1146                           postinc0	equ	0xFEE
  1147                           wreg	equ	0xFE8
  1148                           postdec1	equ	0xFE5
  1149                           fsr1l	equ	0xFE1
  1150                           status	equ	0xFD8
  1151                           
  1152 ;; *************** function ___awmod *****************
  1153 ;; Defined at:
  1154 ;;		line 8 in file "C:\Program Files\Microchip\xc8\v1.31\sources\common\awmod.c"
  1155 ;; Parameters:    Size  Location     Type
  1156 ;;  dividend        2   14[COMRAM] int 
  1157 ;;  divisor         2   16[COMRAM] int 
  1158 ;; Auto vars:     Size  Location     Type
  1159 ;;  sign            1   20[COMRAM] unsigned char 
  1160 ;;  counter         1   19[COMRAM] unsigned char 
  1161 ;; Return value:  Size  Location     Type
  1162 ;;                  2   14[COMRAM] int 
  1163 ;; Registers used:
  1164 ;;		wreg, status,2, status,0, prodl
  1165 ;; Tracked objects:
  1166 ;;		On entry : 0/0
  1167 ;;		On exit  : 0/0
  1168 ;;		Unchanged: 0/0
  1169 ;; Data sizes:     COMRAM   BANK0   BANK1   BANK2   BANK3   BANK4   BANK5   BANK6   BANK7
  1170 ;;      Params:         4       0       0       0       0       0       0       0       0
  1171 ;;      Locals:         2       0       0       0       0       0       0       0       0
  1172 ;;      Temps:          1       0       0       0       0       0       0       0       0
  1173 ;;      Totals:         7       0       0       0       0       0       0       0       0
  1174 ;;Total ram usage:        7 bytes
  1175 ;; Hardware stack levels used:    1
  1176 ;; Hardware stack levels required when called:    1
  1177 ;; This function calls:
  1178 ;;		Nothing
  1179 ;; This function is called by:
  1180 ;;		_clock_int_4MHz
  1181 ;; This function uses a non-reentrant model
  1182 ;;
  1183                           
  1184                           	psect	text7
  1185  007E0A                     __ptext7:
  1186                           	opt stack 0
  1187  007E0A                     ___awmod:
  1188                           	opt stack 28
  1189                           
  1190                           ;incstack = 0
  1191  007E0A  6E13               	movwf	??___awmod& (0+255),c
  1192  007E0C  0E00               	movlw	0
  1193  007E0E  6E15               	movwf	___awmod@sign,c
  1194  007E10  5013               	movf	??___awmod& (0+255),w,c
  1195  007E12  5010               	movf	___awmod@dividend+1,w,c
  1196  007E14  0A80               	xorlw	128
  1197  007E16  6EF3               	movwf	prodl,c
  1198  007E18  0E80               	movlw	128
  1199  007E1A  5CF3               	subwf	prodl,w,c
  1200  007E1C  0E00               	movlw	0
  1201  007E1E  B4D8               	btfsc	status,2,c
  1202  007E20  5C0F               	subwf	___awmod@dividend,w,c
  1203  007E22  B0D8               	btfsc	status,0,c
  1204  007E24  D008               	goto	l1361
  1205  007E26  6C0F               	negf	___awmod@dividend,c
  1206  007E28  1E10               	comf	___awmod@dividend+1,f,c
  1207  007E2A  B0D8               	btfsc	status,0,c
  1208  007E2C  2A10               	incf	___awmod@dividend+1,f,c
  1209  007E2E  6E13               	movwf	??___awmod& (0+255),c
  1210  007E30  0E01               	movlw	1
  1211  007E32  6E15               	movwf	___awmod@sign,c
  1212  007E34  5013               	movf	??___awmod& (0+255),w,c
  1213  007E36                     l1361:
  1214  007E36  5012               	movf	___awmod@divisor+1,w,c
  1215  007E38  0A80               	xorlw	128
  1216  007E3A  6EF3               	movwf	prodl,c
  1217  007E3C  0E80               	movlw	128
  1218  007E3E  5CF3               	subwf	prodl,w,c
  1219  007E40  0E00               	movlw	0
  1220  007E42  B4D8               	btfsc	status,2,c
  1221  007E44  5C11               	subwf	___awmod@divisor,w,c
  1222  007E46  B0D8               	btfsc	status,0,c
  1223  007E48  D004               	goto	l1365
  1224  007E4A  6C11               	negf	___awmod@divisor,c
  1225  007E4C  1E12               	comf	___awmod@divisor+1,f,c
  1226  007E4E  B0D8               	btfsc	status,0,c
  1227  007E50  2A12               	incf	___awmod@divisor+1,f,c
  1228  007E52                     l1365:
  1229  007E52  5012               	movf	___awmod@divisor+1,w,c
  1230  007E54  1011               	iorwf	___awmod@divisor,w,c
  1231  007E56  B4D8               	btfsc	status,2,c
  1232  007E58  D01A               	goto	l1381
  1233  007E5A  6E13               	movwf	??___awmod& (0+255),c
  1234  007E5C  0E01               	movlw	1
  1235  007E5E  6E14               	movwf	___awmod@counter,c
  1236  007E60  5013               	movf	??___awmod& (0+255),w,c
  1237  007E62  D004               	goto	l1371
  1238  007E64                     l1369:
  1239  007E64  90D8               	bcf	status,0,c
  1240  007E66  3611               	rlcf	___awmod@divisor,f,c
  1241  007E68  3612               	rlcf	___awmod@divisor+1,f,c
  1242  007E6A  2A14               	incf	___awmod@counter,f,c
  1243  007E6C                     l1371:
  1244  007E6C  AE12               	btfss	___awmod@divisor+1,7,c
  1245  007E6E  D7FA               	goto	l1369
  1246  007E70                     l1373:
  1247  007E70  5011               	movf	___awmod@divisor,w,c
  1248  007E72  5C0F               	subwf	___awmod@dividend,w,c
  1249  007E74  5012               	movf	___awmod@divisor+1,w,c
  1250  007E76  5810               	subwfb	___awmod@dividend+1,w,c
  1251  007E78  A0D8               	btfss	status,0,c
  1252  007E7A  D004               	goto	l1377
  1253  007E7C  5011               	movf	___awmod@divisor,w,c
  1254  007E7E  5E0F               	subwf	___awmod@dividend,f,c
  1255  007E80  5012               	movf	___awmod@divisor+1,w,c
  1256  007E82  5A10               	subwfb	___awmod@dividend+1,f,c
  1257  007E84                     l1377:
  1258  007E84  90D8               	bcf	status,0,c
  1259  007E86  3212               	rrcf	___awmod@divisor+1,f,c
  1260  007E88  3211               	rrcf	___awmod@divisor,f,c
  1261  007E8A  2E14               	decfsz	___awmod@counter,f,c
  1262  007E8C  D7F1               	goto	l1373
  1263  007E8E                     l1381:
  1264  007E8E  5015               	movf	___awmod@sign,w,c
  1265  007E90  B4D8               	btfsc	status,2,c
  1266  007E92  D004               	goto	l1385
  1267  007E94  6C0F               	negf	___awmod@dividend,c
  1268  007E96  1E10               	comf	___awmod@dividend+1,f,c
  1269  007E98  B0D8               	btfsc	status,0,c
  1270  007E9A  2A10               	incf	___awmod@dividend+1,f,c
  1271  007E9C                     l1385:
  1272  007E9C  C00F  F00F         	movff	___awmod@dividend,?___awmod
  1273  007EA0  C010  F010         	movff	___awmod@dividend+1,?___awmod+1
  1274  007EA4  0012               	return	
  1275  007EA6                     __end_of___awmod:
  1276                           	opt stack 0
  1277                           tblptru	equ	0xFF8
  1278                           tblptrh	equ	0xFF7
  1279                           tblptrl	equ	0xFF6
  1280                           tablat	equ	0xFF5
  1281                           prodl	equ	0xFF3
  1282                           postinc0	equ	0xFEE
  1283                           wreg	equ	0xFE8
  1284                           postdec1	equ	0xFE5
  1285                           fsr1l	equ	0xFE1
  1286                           status	equ	0xFD8
  1287                           
  1288 ;; *************** function _interrupcao *****************
  1289 ;; Defined at:
  1290 ;;		line 5 in file "pisca.c"
  1291 ;; Parameters:    Size  Location     Type
  1292 ;;		None
  1293 ;; Auto vars:     Size  Location     Type
  1294 ;;		None
  1295 ;; Return value:  Size  Location     Type
  1296 ;;		None               void
  1297 ;; Registers used:
  1298 ;;		None
  1299 ;; Tracked objects:
  1300 ;;		On entry : 0/0
  1301 ;;		On exit  : 0/0
  1302 ;;		Unchanged: 0/0
  1303 ;; Data sizes:     COMRAM   BANK0   BANK1   BANK2   BANK3   BANK4   BANK5   BANK6   BANK7
  1304 ;;      Params:         0       0       0       0       0       0       0       0       0
  1305 ;;      Locals:         0       0       0       0       0       0       0       0       0
  1306 ;;      Temps:         14       0       0       0       0       0       0       0       0
  1307 ;;      Totals:        14       0       0       0       0       0       0       0       0
  1308 ;;Total ram usage:       14 bytes
  1309 ;; Hardware stack levels used:    1
  1310 ;; This function calls:
  1311 ;;		Nothing
  1312 ;; This function is called by:
  1313 ;;		Interrupt level 2
  1314 ;; This function uses a non-reentrant model
  1315 ;;
  1316                           
  1317                           	psect	intcode
  1318  001008                     __pintcode:
  1319                           	opt stack 0
  1320  001008                     _interrupcao:
  1321                           	opt stack 28
  1322                           
  1323                           ;incstack = 0
  1324  001008  CFFA F001          	movff	pclath,??_interrupcao
  1325  00100C  CFFB F002          	movff	pclatu,??_interrupcao+1
  1326  001010  CFE9 F003          	movff	fsr0l,??_interrupcao+2
  1327  001014  ED9B  F03E         	call	int_func,f	;refresh shadow registers
  1328                           pclatu	equ	0xFFB
  1329                           pclath	equ	0xFFA
  1330                           tblptru	equ	0xFF8
  1331                           tblptrh	equ	0xFF7
  1332                           tblptrl	equ	0xFF6
  1333                           tablat	equ	0xFF5
  1334                           prodl	equ	0xFF3
  1335                           postinc0	equ	0xFEE
  1336                           fsr0l	equ	0xFE9
  1337                           wreg	equ	0xFE8
  1338                           postdec1	equ	0xFE5
  1339                           fsr1l	equ	0xFE1
  1340                           status	equ	0xFD8
  1341                           
  1342                           	psect	intcode_body
  1343  007D36                     __pintcode_body:
  1344                           	opt stack 28
  1345  007D36                     int_func:
  1346                           	opt stack 28
  1347  007D36  0006               	pop		; remove dummy address from shadow register refresh
  1348  007D38  CFEA F004          	movff	fsr0h,??_interrupcao+3
  1349  007D3C  CFE1 F005          	movff	fsr1l,??_interrupcao+4
  1350  007D40  CFE2 F006          	movff	fsr1h,??_interrupcao+5
  1351  007D44  CFD9 F007          	movff	fsr2l,??_interrupcao+6
  1352  007D48  CFDA F008          	movff	fsr2h,??_interrupcao+7
  1353  007D4C  CFF3 F009          	movff	prodl,??_interrupcao+8
  1354  007D50  CFF4 F00A          	movff	prodh,??_interrupcao+9
  1355  007D54  CFF6 F00B          	movff	tblptrl,??_interrupcao+10
  1356  007D58  CFF7 F00C          	movff	tblptrh,??_interrupcao+11
  1357  007D5C  CFF8 F00D          	movff	tblptru,??_interrupcao+12
  1358  007D60  CFF5 F00E          	movff	tablat,??_interrupcao+13
  1359  007D64  C00E  FFF5         	movff	??_interrupcao+13,tablat
  1360  007D68  C00D  FFF8         	movff	??_interrupcao+12,tblptru
  1361  007D6C  C00C  FFF7         	movff	??_interrupcao+11,tblptrh
  1362  007D70  C00B  FFF6         	movff	??_interrupcao+10,tblptrl
  1363  007D74  C00A  FFF4         	movff	??_interrupcao+9,prodh
  1364  007D78  C009  FFF3         	movff	??_interrupcao+8,prodl
  1365  007D7C  C008  FFDA         	movff	??_interrupcao+7,fsr2h
  1366  007D80  C007  FFD9         	movff	??_interrupcao+6,fsr2l
  1367  007D84  C006  FFE2         	movff	??_interrupcao+5,fsr1h
  1368  007D88  C005  FFE1         	movff	??_interrupcao+4,fsr1l
  1369  007D8C  C004  FFEA         	movff	??_interrupcao+3,fsr0h
  1370  007D90  C003  FFE9         	movff	??_interrupcao+2,fsr0l
  1371  007D94  C002  FFFB         	movff	??_interrupcao+1,pclatu
  1372  007D98  C001  FFFA         	movff	??_interrupcao,pclath
  1373  007D9C  0011               	retfie		f
  1374  007D9E                     __end_of_interrupcao:
  1375                           	opt stack 0
  1376  0000                     pclatu	equ	0xFFB
  1377                           pclath	equ	0xFFA
  1378                           tblptru	equ	0xFF8
  1379                           tblptrh	equ	0xFF7
  1380                           tblptrl	equ	0xFF6
  1381                           tablat	equ	0xFF5
  1382                           prodh	equ	0xFF4
  1383                           prodl	equ	0xFF3
  1384                           postinc0	equ	0xFEE
  1385                           fsr0h	equ	0xFEA
  1386                           fsr0l	equ	0xFE9
  1387                           wreg	equ	0xFE8
  1388                           postdec1	equ	0xFE5
  1389                           fsr1h	equ	0xFE2
  1390                           fsr1l	equ	0xFE1
  1391                           fsr2h	equ	0xFDA
  1392                           fsr2l	equ	0xFD9
  1393                           status	equ	0xFD8
  1394                           pclatu	equ	0xFFB
  1395                           pclath	equ	0xFFA
  1396                           tblptru	equ	0xFF8
  1397                           tblptrh	equ	0xFF7
  1398                           tblptrl	equ	0xFF6
  1399                           tablat	equ	0xFF5
  1400                           prodh	equ	0xFF4
  1401                           prodl	equ	0xFF3
  1402                           postinc0	equ	0xFEE
  1403                           fsr0h	equ	0xFEA
  1404                           fsr0l	equ	0xFE9
  1405                           wreg	equ	0xFE8
  1406                           postdec1	equ	0xFE5
  1407                           fsr1h	equ	0xFE2
  1408                           fsr1l	equ	0xFE1
  1409                           fsr2h	equ	0xFDA
  1410                           fsr2l	equ	0xFD9
  1411                           status	equ	0xFD8
  1412                           
  1413                           	psect	rparam
  1414  0000                     pclatu	equ	0xFFB
  1415                           pclath	equ	0xFFA
  1416                           tblptru	equ	0xFF8
  1417                           tblptrh	equ	0xFF7
  1418                           tblptrl	equ	0xFF6
  1419                           tablat	equ	0xFF5
  1420                           prodh	equ	0xFF4
  1421                           prodl	equ	0xFF3
  1422                           postinc0	equ	0xFEE
  1423                           fsr0h	equ	0xFEA
  1424                           fsr0l	equ	0xFE9
  1425                           wreg	equ	0xFE8
  1426                           postdec1	equ	0xFE5
  1427                           fsr1h	equ	0xFE2
  1428                           fsr1l	equ	0xFE1
  1429                           fsr2h	equ	0xFDA
  1430                           fsr2l	equ	0xFD9
  1431                           status	equ	0xFD8


Data Sizes:
    Strings     0
    Constant    0
    Data        4
    BSS         1
    Persistent  0
    Stack       0

Auto Spaces:
    Space          Size  Autos    Used
    COMRAM           95     29      34
    BANK0           160      0       0
    BANK1           256      0       0
    BANK2           256      0       0
    BANK3           256      0       0
    BANK4           256      0       0
    BANK5           256      0       0
    BANK6           256      0       0
    BANK7           256      0       0

Pointer List with Targets:

    None.

Critical Paths under _main in COMRAM

    _tempo_ms->_Delay1KTCYx
    _clock_int_4MHz->___lwdiv
    ___lwdiv->___awmod

Critical Paths under _interrupcao in COMRAM

    None.

Critical Paths under _main in BANK0

    None.

Critical Paths under _interrupcao in BANK0

    None.

Critical Paths under _main in BANK1

    None.

Critical Paths under _interrupcao in BANK1

    None.

Critical Paths under _main in BANK2

    None.

Critical Paths under _interrupcao in BANK2

    None.

Critical Paths under _main in BANK3

    None.

Critical Paths under _interrupcao in BANK3

    None.

Critical Paths under _main in BANK4

    None.

Critical Paths under _interrupcao in BANK4

    None.

Critical Paths under _main in BANK5

    None.

Critical Paths under _interrupcao in BANK5

    None.

Critical Paths under _main in BANK6

    None.

Critical Paths under _interrupcao in BANK6

    None.

Critical Paths under _main in BANK7

    None.

Critical Paths under _interrupcao in BANK7

    None.

Call Graph Tables:

 ---------------------------------------------------------------------------------
 (Depth) Function   	        Calls       Base Space   Used Autos Params    Refs
 ---------------------------------------------------------------------------------
 (0) _main                                                 0     0      0     919
                     _clock_int_4MHz
                      _inverte_saida
                           _tempo_ms
 ---------------------------------------------------------------------------------
 (1) _tempo_ms                                             4     2      2     147
                                             15 COMRAM     4     2      2
                        _Delay1KTCYx
 ---------------------------------------------------------------------------------
 (2) _Delay1KTCYx                                          1     1      0      15
                                             14 COMRAM     1     1      0
 ---------------------------------------------------------------------------------
 (1) _inverte_saida                                        4     2      2      49
                                             14 COMRAM     4     2      2
 ---------------------------------------------------------------------------------
 (1) _clock_int_4MHz                                       0     0      0     723
                            ___awmod
                            ___lwdiv
                          _le_eeprom
 ---------------------------------------------------------------------------------
 (2) _le_eeprom                                            1     1      0      15
                                             14 COMRAM     1     1      0
 ---------------------------------------------------------------------------------
 (2) ___lwdiv                                              8     4      4     445
                                             21 COMRAM     8     4      4
                            ___awmod (ARG)
 ---------------------------------------------------------------------------------
 (2) ___awmod                                              7     3      4     263
                                             14 COMRAM     7     3      4
 ---------------------------------------------------------------------------------
 Estimated maximum stack depth 2
 ---------------------------------------------------------------------------------
 (Depth) Function   	        Calls       Base Space   Used Autos Params    Refs
 ---------------------------------------------------------------------------------
 (3) _interrupcao                                         14    14      0       0
                                              0 COMRAM    14    14      0
 ---------------------------------------------------------------------------------
 Estimated maximum stack depth 3
 ---------------------------------------------------------------------------------

 Call Graph Graphs:

 _main (ROOT)
   _clock_int_4MHz
     ___awmod
     ___lwdiv
       ___awmod (ARG)
     _le_eeprom
   _inverte_saida
   _tempo_ms
     _Delay1KTCYx

 _interrupcao (ROOT)

 Address spaces:
Name               Size   Autos  Total    Cost      Usage
BIGRAM             7FF      0       0      21        0.0%
EEDATA             100      0       0       0        0.0%
BITBANK7           100      0       0      18        0.0%
BANK7              100      0       0      19        0.0%
BITBANK6           100      0       0      16        0.0%
BANK6              100      0       0      17        0.0%
BITBANK5           100      0       0      14        0.0%
BANK5              100      0       0      15        0.0%
BITBANK4           100      0       0      12        0.0%
BANK4              100      0       0      13        0.0%
BITBANK3           100      0       0      10        0.0%
BANK3              100      0       0      11        0.0%
BITBANK2           100      0       0       8        0.0%
BANK2              100      0       0       9        0.0%
BITBANK1           100      0       0       6        0.0%
BANK1              100      0       0       7        0.0%
BITBANK0            A0      0       0       4        0.0%
BANK0               A0      0       0       5        0.0%
BITCOMRAM           5F      0       0       0        0.0%
COMRAM              5F     1D      22       1       35.8%
BITSFR               0      0       0      40        0.0%
SFR                  0      0       0      40        0.0%
STACK                0      0       0       2        0.0%
NULL                 0      0       0       0        0.0%
ABS                  0      0      22      20        0.0%
DATA                 0      0      22       3        0.0%
CODE                 0      0       0       0        0.0%


Microchip Technology PIC18 Macro Assembler V1.31 build 56723 
Symbol Table                                                                                   Sat Jul 30 18:52:58 2016

                      _R 001E                        _k 0022         ??_clock_int_4MHz 001E  
                     u15 7C4E                       u17 7C50                      l313 7CBA  
                    l420 7DB2                      l260 7ED2                      l252 7EA8  
                    l261 7ED8                      l270 7F0E                      l262 7EDE  
                    l254 7EAE                      l423 7DC0                      l271 7F14  
                    l263 7EE4                      l255 7EB4                      l272 7F1A  
                    l264 7EEA                      l256 7EBA                      l280 7FFE  
                    l273 7F20                      l265 7EF0                      l257 7EC0  
                    l274 7F26                      l266 7EF6                      l258 7EC6  
  __end_of_inverte_saida 8000                      l275 7F2C                      l267 7EFC  
                    l259 7ECC                      l276 7F32                      l268 7F02  
                    l277 7F38                      l269 7F08                      l278 7F3E  
                    l279 7F44                      l711 7C2A                      u110 7CAA  
                    u116 7CAC                      _PR2 000FCB                      _REG 0020  
                    u677 7C2C             ___awmod@sign 0015                      wreg 000FE8  
                   EEADR 000FA9                     l1013 7D2C                     l1407 7D22  
                   l1415 7F4A                     l1361 7E36                     l1425 7CC8  
                   l1371 7E6C                     l1373 7E70                     l1381 7E8E  
                   l1365 7E52                     l1429 7CD2                     l1385 7E9C  
                   l1377 7E84                     l1369 7E64                     l1395 7CFA  
                   l1397 7D02                     l1399 7D06                     l1773 7C58  
                   _LATA 000F89                     _LATB 000F8A                     _LATC 000F8B  
                   _main 7C54                     fsr0h 000FEA                     fsr1h 000FE2  
                   fsr0l 000FE9                     fsr2h 000FDA                     fsr1l 000FE1  
                   fsr2l 000FD9                     pclat 000FFA                     prodh 000FF4  
                   prodl 000FF3                     start 1018                    EECON1 000FA6  
      inverte_saida@pino 000F              _Delay1KTCYx 7C26                    ?_main 0001  
                  _ADRES 000FC3                    _EEADR 000FA9          __end_of___awmod 7EA6  
                  _T0CON 000FD5                    _T1CON 000FCD                    _T2CON 000FCA  
                  _T3CON 000FB1          __end_of___lwdiv 7D36                    _RCSTA 000FAB  
                  _REGad 0021                    _TMR0H 000FD7                    _TMR1H 000FCF  
                  _TMR0L 000FD6                    _TMR3H 000FB3                    _TMR1L 000FCE  
                  _TMR3L 000FB2                    _SPBRG 000FAF                    _TRISA 000F92  
                  _TRISB 000F93                    _TRISC 000F94                    _TXREG 000FAD  
                  _TXSTA 000FAC                    tablat 000FF5                    status 000FD8  
        __initialization 7C76             ?_interrupcao 0001             __end_of_main 7C76  
                 BLEIBEN 7DA8                   ??_main 001E            __activetblptr 000002  
                 _ADCON0 000FC2                   _ADCON1 000FC1                   _ADCON2 000FC0  
                 _ADRESH 000FC4                   _EEDATA 000FA8                   _CCPR1L 000FBE  
                 _CCPR2L 000FBB                   _EECON1 000FA6                   _EECON2 000FA7  
                 _OSCCON 000FD3                   _SPBRGH 000FB0                ??___awmod 0013  
              ??___lwdiv 001A          ___awmod@divisor 0011          ___awmod@counter 0014  
           __pdataCOMRAM 001E         __end_of_tempo_ms 7CE0                   tblptrh 000FF7  
                 tblptrl 000FF6                   tblptru 000FF8               __accesstop 0060  
__end_of__initialization 7C98           __pcstackCOMRAM 0001       __size_of_le_eeprom 001C  
   __size_of_interrupcao 6D96                  _CCP1CON 000FBD                  _CCP2CON 000FBA  
           ?_Delay1KTCYx 0001                  _BAUDCON 000FB8   __size_of_inverte_saida 015A  
                __Hparam 0000                  __Lparam 0000                ?_tempo_ms 0010  
      __end_of_le_eeprom 7C54                  ___awmod 7E0A                  ___lwdiv 7CE0  
                __pcinit 7C76                  __ramtop 0800                  __ptext0 7C54  
                __ptext1 7CA2                  __ptext2 7C26                  __ptext3 7EA6  
                __ptext4 7D9E                  __ptext5 7C38                  __ptext6 7CE0  
                __ptext7 7E0A                _T0CONbits 000FD5                _T1CONbits 000FCD  
              _T2CONbits 000FCA                _T3CONbits 000FB1         ___awmod@dividend 000F  
__size_of_clock_int_4MHz 006C           __pintcode_body 7D36     end_of_initialization 7C98  
          __Lmediumconst 0000                  int_func 7D36               ??_tempo_ms 0012  
                postdec1 000FE5                  postinc0 000FEE                _PORTAbits 000F80  
              _PORTBbits 000F81                _PORTCbits 000F82                _PORTDbits 000F83  
              _PORTEbits 000F84            _inverte_saida 7EA6                _TRISAbits 000F92  
              _TRISBbits 000F93                _TRISCbits 000F94                _TRISDbits 000F95  
              _TXSTAbits 000FAC              _BAUDCONbits 000FB8            __pidataCOMRAM 7C22  
         ?_inverte_saida 000F     __size_of_Delay1KTCYx 0012      start_initialization 7C76  
            __pbssCOMRAM 0022           _clock_int_4MHz 7D9E          Delay1KTCYx@unit 000F  
       ___lwdiv@dividend 0016            ??_interrupcao 0001                __pintcode 1008  
               ?___awmod 000F                 ?___lwdiv 0016        __size_of_tempo_ms 003E  
        ??_inverte_saida 0011                _le_eeprom 7C38   __end_of_clock_int_4MHz 7E0A  
       ___lwdiv@quotient 001B                 _IPR1bits 000F9F                 _PIE1bits 000F9D  
               _PIE2bits 000FA0                 _RCONbits 000FD0               ?_le_eeprom 0001  
    __end_of_interrupcao 7D9E               _ADCON0bits 000FC2               _ADCON2bits 000FC0  
        ?_clock_int_4MHz 0001              _INTCON2bits 000FF1              _INTCON3bits 000FF0  
              copy_data0 7C8C               _EECON1bits 000FA6                 __Hrparam 0000  
               __Lrparam 0000         __size_of___awmod 009C         __size_of___lwdiv 0056  
        ___lwdiv@divisor 0018          ___lwdiv@counter 001D            __size_of_main 0022  
            _interrupcao 1008                tempo_ms@i 0010                 _tempo_ms 7CA2  
              tempo_ms@k 0012        le_eeprom@endereco 000F            ??_Delay1KTCYx 000F  
            ??_le_eeprom 000F               _INTCONbits 000FF2                 intlevel2 0000  
             _OSCCONbits 000FD3      __end_of_Delay1KTCYx 7C38               _WDTCONbits 000FD1  
